[2019-08-16 10:46:11.778] [main                  ] [INFO ] [com.ygsoft.ecp.service.cache.impl.map.HashMapAdapter        :187 ] - null|null|请确认是否测试环境,OSGI环境使用缓存需要配置缓存扩展点!
[2019-08-16 10:47:11.151] [main                  ] [INFO ] [com.ygsoft.ecp.service.cache.impl.map.HashMapAdapter        :187 ] - null|null|请确认是否测试环境,OSGI环境使用缓存需要配置缓存扩展点!
[2019-08-16 10:47:20.478] [main                  ] [INFO ] [com.ygsoft.ecp.service.cache.impl.map.HashMapAdapter        :187 ] - null|null|请确认是否测试环境,OSGI环境使用缓存需要配置缓存扩展点!
[2019-08-16 10:47:46.878] [main                  ] [INFO ] [com.ygsoft.ecp.service.cache.impl.map.HashMapAdapter        :187 ] - null|null|请确认是否测试环境,OSGI环境使用缓存需要配置缓存扩展点!
[2019-08-16 10:48:02.855] [main                  ] [INFO ] [com.ygsoft.ecp.service.cache.impl.map.HashMapAdapter        :187 ] - null|null|请确认是否测试环境,OSGI环境使用缓存需要配置缓存扩展点!
[2019-08-16 15:08:51.879] [main                  ] [INFO ] [com.ygsoft.ecp.service.cache.impl.map.HashMapAdapter        :187 ] - null|null|请确认是否测试环境,OSGI环境使用缓存需要配置缓存扩展点!
[2019-08-16 15:09:06.613] [main                  ] [INFO ] [com.ygsoft.ecp.service.cache.impl.map.HashMapAdapter        :187 ] - null|null|请确认是否测试环境,OSGI环境使用缓存需要配置缓存扩展点!
[2019-08-19 16:16:53.238] [main                  ] [INFO ] [c.y.n.mapp.topdesign.collecitoninfo.boot.CollectionInfoMain :50  ] - null|null|Starting CollectionInfoMain on GRIS-ZHANGSY-N with PID 228 (started by zhangshiyong in D:\顶层架构设计\workspace\tdcollectioninfoapp\necp.mapp.collecitoninfo.boot)
[2019-08-19 16:16:53.246] [main                  ] [INFO ] [c.y.n.mapp.topdesign.collecitoninfo.boot.CollectionInfoMain :675 ] - null|null|No active profile set, falling back to default profiles: default
[2019-08-19 16:16:53.296] [main                  ] [INFO ] [com.ygsoft.ecp.core.mapp.util.MappConfigUtil                :208 ] - null|null|eureka server address is http://eureka.ygcloud.com/eureka/
[2019-08-19 16:16:59.412] [main                  ] [INFO ] [org.apache.coyote.http11.Http11NioProtocol                  :173 ] - null|null|Initializing ProtocolHandler ["http-nio-80"]
[2019-08-19 16:16:59.461] [main                  ] [INFO ] [org.apache.catalina.core.StandardService                    :173 ] - null|null|Starting service [Tomcat]
[2019-08-19 16:16:59.462] [main                  ] [INFO ] [org.apache.catalina.core.StandardEngine                     :173 ] - null|null|Starting Servlet engine: [Apache Tomcat/9.0.16]
[2019-08-19 16:16:59.503] [main                  ] [INFO ] [org.apache.catalina.core.AprLifecycleListener               :173 ] - null|null|The APR based Apache Tomcat Native library which allows optimal performance in production environments was not found on the java.library.path: [E:\software\jdk\jdk1.8.0_92\bin;C:\WINDOWS\Sun\Java\bin;C:\WINDOWS\system32;C:\WINDOWS;E:/software/jdk/jdk1.8.0_92/bin/../jre/bin/server;E:/software/jdk/jdk1.8.0_92/bin/../jre/bin;E:/software/jdk/jdk1.8.0_92/bin/../jre/lib/amd64;C:\Perl64\site\bin;C:\Perl64\bin;D:\oracle\product\10.2.0\client_1\bin;E:\software\jdk\jdk1.8.0_92\bin;E:\software\jdk\jdk1.8.0_92\jre\bin;c:\oracle\product\11.2.0\client_1;C:\Program Files (x86)\Intel\iCLS Client\;C:\Program Files\Intel\iCLS Client\;C:\WINDOWS\system32;C:\WINDOWS;C:\WINDOWS\System32\Wbem;C:\WINDOWS\System32\WindowsPowerShell\v1.0\;C:\Program Files (x86)\Intel\Intel(R) Management Engine Components\DAL;C:\Program Files\Intel\Intel(R) Management Engine Components\DAL;C:\Program Files (x86)\Intel\Intel(R) Management Engine Components\IPT;C:\Program Files\Intel\Intel(R) Management Engine Components\IPT;E:\client\bin;;C:\WINDOWS\System32\OpenSSH\;C:\Users\zhangshiyong\AppData\Local\Microsoft\WindowsApps;;c:\program files\esafenet\cobra docguard client;C:\Program Files (x86)\SSH Communications Security\SSH Secure Shell;D:\eclipse;;.]
[2019-08-19 16:17:00.093] [main                  ] [INFO ] [o.a.catalina.core.ContainerBase.[Tomcat].[localhost].[/]    :173 ] - null|null|Initializing Spring embedded WebApplicationContext
[2019-08-19 16:17:01.794] [main                  ] [INFO ] [o.a.catalina.core.ContainerBase.[Tomcat].[localhost].[/]    :173 ] - null|null|CommonServletContextListener Initialized
[2019-08-19 16:17:01.802] [main                  ] [INFO ] [com.ygsoft.ecp.core.mapp.eureka.MappEurekaService           :196 ] - null|null|microservice register (necp:mapp.collecitoninfo:/necp/mapp/collecitoninfo) - (http://eureka.ygcloud.com/eureka/)ns
[2019-08-19 16:17:01.838] [main                  ] [WARN ] [com.netflix.config.sources.URLConfigurationSource           :121 ] - null|null|No URLs will be polled as dynamic configuration sources.
[2019-08-19 16:17:01.838] [main                  ] [INFO ] [com.netflix.config.sources.URLConfigurationSource           :122 ] - null|null|To enable URLs as dynamic configuration sources, define System property archaius.configurationSource.additionalUrls or make config.properties available on classpath.
[2019-08-19 16:17:01.862] [main                  ] [INFO ] [com.netflix.config.DynamicPropertyFactory                   :281 ] - null|null|DynamicPropertyFactory is initialized with configuration sources: com.netflix.config.ConcurrentCompositeConfiguration@7a117dc2
[2019-08-19 16:17:02.127] [trix-HystrixExecutor-1] [WARN ] [com.netflix.discovery.internal.util.Archaius1Utils          :35  ] - null|null|Cannot find the properties specified : eureka-client. This may be okay if there are other environment specific properties or the configuration is installed with a different mechanism.
[2019-08-19 16:17:02.135] [trix-HystrixExecutor-1] [INFO ] [c.n.appinfo.providers.EurekaConfigBasedInstanceInfoProvider :107 ] - null|null|Setting initial instance status as: STARTING
[2019-08-19 16:17:02.138] [trix-HystrixExecutor-1] [WARN ] [com.netflix.discovery.internal.util.Archaius1Utils          :35  ] - null|null|Cannot find the properties specified : eureka-client. This may be okay if there are other environment specific properties or the configuration is installed with a different mechanism.
[2019-08-19 16:17:02.175] [trix-HystrixExecutor-1] [INFO ] [com.netflix.discovery.DiscoveryClient                       :347 ] - null|null|Initializing Eureka in region necp
[2019-08-19 16:17:02.408] [trix-HystrixExecutor-1] [INFO ] [com.netflix.discovery.provider.DiscoveryJerseyProvider      :70  ] - null|null|Using JSON encoding codec LegacyJacksonJson
[2019-08-19 16:17:02.408] [trix-HystrixExecutor-1] [INFO ] [com.netflix.discovery.provider.DiscoveryJerseyProvider      :71  ] - null|null|Using JSON decoding codec LegacyJacksonJson
[2019-08-19 16:17:02.612] [trix-HystrixExecutor-1] [INFO ] [com.netflix.discovery.provider.DiscoveryJerseyProvider      :80  ] - null|null|Using XML encoding codec XStreamXml
[2019-08-19 16:17:02.613] [trix-HystrixExecutor-1] [INFO ] [com.netflix.discovery.provider.DiscoveryJerseyProvider      :81  ] - null|null|Using XML decoding codec XStreamXml
[2019-08-19 16:17:03.022] [trix-HystrixExecutor-1] [INFO ] [c.n.discovery.shared.resolver.aws.ConfigClusterResolver     :43  ] - null|null|Resolving eureka endpoints via configuration
[2019-08-19 16:17:03.128] [trix-HystrixExecutor-1] [INFO ] [com.netflix.discovery.DiscoveryClient                       :934 ] - null|null|Disable delta property : false
[2019-08-19 16:17:03.129] [trix-HystrixExecutor-1] [INFO ] [com.netflix.discovery.DiscoveryClient                       :935 ] - null|null|Single vip registry refresh property : null
[2019-08-19 16:17:03.129] [trix-HystrixExecutor-1] [INFO ] [com.netflix.discovery.DiscoveryClient                       :936 ] - null|null|Force full registry fetch : false
[2019-08-19 16:17:03.129] [trix-HystrixExecutor-1] [INFO ] [com.netflix.discovery.DiscoveryClient                       :937 ] - null|null|Application is null : false
[2019-08-19 16:17:03.129] [trix-HystrixExecutor-1] [INFO ] [com.netflix.discovery.DiscoveryClient                       :938 ] - null|null|Registered Applications size is zero : true
[2019-08-19 16:17:03.130] [trix-HystrixExecutor-1] [INFO ] [com.netflix.discovery.DiscoveryClient                       :940 ] - null|null|Application version is -1: true
[2019-08-19 16:17:03.130] [trix-HystrixExecutor-1] [INFO ] [com.netflix.discovery.DiscoveryClient                       :1023] - null|null|Getting all instance registry info from the eureka server
[2019-08-19 16:17:03.517] [main                  ] [INFO ] [o.a.catalina.core.ContainerBase.[Tomcat].[localhost].[/]    :173 ] - null|null|LogbackListener Initialized
